<?xml version="1.0" encoding="UTF-8"?>
<testng-results ignored="0" total="1" passed="1" failed="0" skipped="0">
  <reporter-output>
  </reporter-output>
  <suite started-at="2022-08-11T11:41:26 IST" name="Default suite" finished-at="2022-08-11T11:42:35 IST" duration-ms="69420">
    <groups>
    </groups>
    <test started-at="2022-08-11T11:41:26 IST" name="Default test" finished-at="2022-08-11T11:42:35 IST" duration-ms="69420">
      <class name="testBase.TestBase">
        <test-method signature="test1()[pri:0, instance:testBase.TestBase@4facf68f]" started-at="2022-08-11T11:41:26 IST" name="test1" finished-at="2022-08-11T11:42:35 IST" duration-ms="69385" status="PASS">
          <reporter-output>
          </reporter-output>
        </test-method> <!-- test1 -->
      </class> <!-- testBase.TestBase -->
    </test> <!-- Default test -->
  </suite> <!-- Default suite -->
</testng-results>
